<?xml version="1.0" encoding="UTF-8"?>
<!-- Generated by org.testng.reporters.JUnitReportReporter -->
<testsuite skipped="0" hostname="DESKTOP-N16SQJ3" name="test.SearchTest" tests="1" failures="0" timestamp="30 May 2022 23:56:13 GMT" time="21.115" errors="0">
  <testcase name="test3" time="21.115" classname="test.SearchTest"/>
</testsuite> <!-- test.SearchTest -->
